<?xml version="1.0" encoding="UTF-8"?>
<!-- Generated by org.testng.reporters.JUnitReportReporter -->
<testsuite hostname="DESKTOP-K2P82MI" failures="0" tests="1" name="com.sampletest.mavenproject.AppTest" time="46.853" errors="0" timestamp="2023-09-16T14:53:55 IST" skipped="0">
  <testcase classname="com.sampletest.mavenproject.AppTest" name="testhelloworld" time="46.853"/>
  <system-out/>
</testsuite> <!-- com.sampletest.mavenproject.AppTest -->
